0 verbose cli /usr/local/bin/node /usr/local/bin/npm
1 info using npm@10.8.2
2 info using node@v20.19.0
3 silly config load:file:/usr/local/lib/node_modules/npm/npmrc
4 silly config load:file:/data/.npmrc
5 silly config load:file:/usr/src/node-red/.npmrc
6 silly config load:file:/usr/local/etc/npmrc
7 verbose title npm install node-red-node-telegrambot@0.1.6
8 verbose argv "install" "--no-audit" "--no-update-notifier" "--no-fund" "--save" "--save-prefix" "~" "--omit" "dev" "--engine-strict" "node-red-node-telegrambot@0.1.6"
9 verbose logfile logs-max:10 dir:/data/.npm/_logs/2025-07-10T09_59_52_231Z-
10 verbose logfile /data/.npm/_logs/2025-07-10T09_59_52_231Z-debug-0.log
11 silly packumentCache heap:2197815296 maxSize:549453824 maxEntrySize:274726912
12 silly logfile done cleaning log files
13 silly idealTree buildDeps
14 silly fetch manifest node-red-node-telegrambot@0.1.6
15 silly packumentCache full:https://registry.npmjs.org/node-red-node-telegrambot cache-miss
16 http fetch GET 200 https://registry.npmjs.org/node-red-node-telegrambot 1198ms (cache miss)
17 silly packumentCache full:https://registry.npmjs.org/node-red-node-telegrambot set size:undefined disposed:false
18 silly placeDep ROOT node-red-node-telegrambot@0.1.6 OK for: node-red-project@0.0.1 want: 0.1.6
19 silly fetch manifest telegram@^2.18.38
20 silly packumentCache full:https://registry.npmjs.org/telegram cache-miss
21 http fetch GET 200 https://registry.npmjs.org/telegram 195ms (cache miss)
22 silly packumentCache full:https://registry.npmjs.org/telegram set size:undefined disposed:false
23 silly placeDep ROOT telegram@2.26.22 OK for: node-red-node-telegrambot@0.1.6 want: ^2.18.38
24 silly fetch manifest @cryptography/aes@^0.1.1
25 silly packumentCache full:https://registry.npmjs.org/@cryptography%2faes cache-miss
26 silly fetch manifest async-mutex@^0.3.0
27 silly packumentCache full:https://registry.npmjs.org/async-mutex cache-miss
28 silly fetch manifest big-integer@^1.6.48
29 silly packumentCache full:https://registry.npmjs.org/big-integer cache-miss
30 silly fetch manifest buffer@^6.0.3
31 silly packumentCache full:https://registry.npmjs.org/buffer cache-miss
32 silly fetch manifest htmlparser2@^6.1.0
33 silly packumentCache full:https://registry.npmjs.org/htmlparser2 cache-miss
34 silly fetch manifest mime@^3.0.0
35 silly packumentCache full:https://registry.npmjs.org/mime cache-miss
36 silly fetch manifest pako@^2.0.3
37 silly packumentCache full:https://registry.npmjs.org/pako cache-miss
38 silly fetch manifest path-browserify@^1.0.1
39 silly packumentCache full:https://registry.npmjs.org/path-browserify cache-miss
40 silly fetch manifest real-cancellable-promise@^1.1.1
41 silly packumentCache full:https://registry.npmjs.org/real-cancellable-promise cache-miss
42 silly fetch manifest store2@^2.13.0
43 silly packumentCache full:https://registry.npmjs.org/store2 cache-miss
44 silly fetch manifest ts-custom-error@^3.2.0
45 silly packumentCache full:https://registry.npmjs.org/ts-custom-error cache-miss
46 silly fetch manifest websocket@^1.0.34
47 silly packumentCache full:https://registry.npmjs.org/websocket cache-miss
48 silly fetch manifest node-localstorage@^2.2.1
49 silly packumentCache full:https://registry.npmjs.org/node-localstorage cache-miss
50 silly fetch manifest socks@^2.6.2
51 silly packumentCache full:https://registry.npmjs.org/socks cache-miss
52 silly fetch manifest bufferutil@^4.0.3
53 silly packumentCache full:https://registry.npmjs.org/bufferutil cache-miss
54 http fetch GET 200 https://registry.npmjs.org/websocket 300ms (cache miss)
55 silly packumentCache full:https://registry.npmjs.org/websocket set size:undefined disposed:false
56 silly fetch manifest utf-8-validate@^5.0.5
57 silly packumentCache full:https://registry.npmjs.org/utf-8-validate cache-miss
58 http fetch GET 200 https://registry.npmjs.org/big-integer 331ms (cache miss)
59 silly packumentCache full:https://registry.npmjs.org/big-integer set size:undefined disposed:false
60 http fetch GET 200 https://registry.npmjs.org/bufferutil 322ms (cache miss)
61 silly packumentCache full:https://registry.npmjs.org/bufferutil set size:undefined disposed:false
62 http fetch GET 200 https://registry.npmjs.org/pako 335ms (cache miss)
63 silly packumentCache full:https://registry.npmjs.org/pako set size:undefined disposed:false
64 http fetch GET 200 https://registry.npmjs.org/real-cancellable-promise 338ms (cache miss)
65 silly packumentCache full:https://registry.npmjs.org/real-cancellable-promise set size:undefined disposed:false
66 http fetch GET 200 https://registry.npmjs.org/mime 346ms (cache miss)
67 silly packumentCache full:https://registry.npmjs.org/mime set size:undefined disposed:false
68 http fetch GET 200 https://registry.npmjs.org/socks 338ms (cache miss)
69 silly packumentCache full:https://registry.npmjs.org/socks set size:undefined disposed:false
70 http fetch GET 200 https://registry.npmjs.org/ts-custom-error 344ms (cache miss)
71 silly packumentCache full:https://registry.npmjs.org/ts-custom-error set size:undefined disposed:false
72 http fetch GET 200 https://registry.npmjs.org/async-mutex 361ms (cache miss)
73 silly packumentCache full:https://registry.npmjs.org/async-mutex set size:undefined disposed:false
74 http fetch GET 200 https://registry.npmjs.org/node-localstorage 348ms (cache miss)
75 silly packumentCache full:https://registry.npmjs.org/node-localstorage set size:undefined disposed:false
76 http fetch GET 200 https://registry.npmjs.org/htmlparser2 363ms (cache miss)
77 silly packumentCache full:https://registry.npmjs.org/htmlparser2 set size:undefined disposed:false
78 http fetch GET 200 https://registry.npmjs.org/store2 359ms (cache miss)
79 silly packumentCache full:https://registry.npmjs.org/store2 set size:undefined disposed:false
80 http fetch GET 200 https://registry.npmjs.org/buffer 373ms (cache miss)
81 silly packumentCache full:https://registry.npmjs.org/buffer set size:undefined disposed:false
82 http fetch GET 200 https://registry.npmjs.org/utf-8-validate 63ms (cache miss)
83 silly packumentCache full:https://registry.npmjs.org/utf-8-validate set size:undefined disposed:false
84 http fetch GET 200 https://registry.npmjs.org/path-browserify 432ms (cache miss)
85 silly packumentCache full:https://registry.npmjs.org/path-browserify set size:undefined disposed:false
86 http fetch GET 200 https://registry.npmjs.org/@cryptography%2faes 853ms (cache miss)
87 silly packumentCache full:https://registry.npmjs.org/@cryptography%2faes set size:undefined disposed:false
88 silly placeDep ROOT @cryptography/aes@0.1.1 OK for: telegram@2.26.22 want: ^0.1.1
89 silly placeDep ROOT async-mutex@0.3.2 OK for: telegram@2.26.22 want: ^0.3.0
90 silly placeDep ROOT big-integer@1.6.52 OK for: telegram@2.26.22 want: ^1.6.48
91 silly placeDep ROOT buffer@6.0.3 OK for: telegram@2.26.22 want: ^6.0.3
92 silly placeDep ROOT bufferutil@4.0.9 OK for: telegram@2.26.22 want: ^4.0.3
93 silly placeDep ROOT htmlparser2@6.1.0 OK for: telegram@2.26.22 want: ^6.1.0
94 silly placeDep ROOT mime@3.0.0 OK for: telegram@2.26.22 want: ^3.0.0
95 silly placeDep ROOT node-localstorage@2.2.1 OK for: telegram@2.26.22 want: ^2.2.1
96 silly placeDep ROOT pako@2.1.0 OK for: telegram@2.26.22 want: ^2.0.3
97 silly placeDep ROOT path-browserify@1.0.1 OK for: telegram@2.26.22 want: ^1.0.1
98 silly placeDep ROOT real-cancellable-promise@1.2.2 OK for: telegram@2.26.22 want: ^1.1.1
99 silly placeDep ROOT socks@2.8.5 OK for: telegram@2.26.22 want: ^2.6.2
100 silly placeDep ROOT store2@2.14.4 OK for: telegram@2.26.22 want: ^2.13.0
101 silly placeDep ROOT ts-custom-error@3.3.1 OK for: telegram@2.26.22 want: ^3.2.0
102 silly placeDep ROOT utf-8-validate@5.0.10 OK for: telegram@2.26.22 want: ^5.0.5
103 silly placeDep ROOT websocket@1.0.35 OK for: telegram@2.26.22 want: ^1.0.34
104 silly fetch manifest tslib@^2.3.1
105 silly packumentCache full:https://registry.npmjs.org/tslib cache-miss
106 silly fetch manifest base64-js@^1.3.1
107 silly packumentCache full:https://registry.npmjs.org/base64-js cache-miss
108 silly fetch manifest ieee754@^1.2.1
109 silly packumentCache full:https://registry.npmjs.org/ieee754 cache-miss
110 silly fetch manifest node-gyp-build@^4.3.0
111 silly packumentCache full:https://registry.npmjs.org/node-gyp-build cache-miss
112 silly fetch manifest domutils@^2.5.2
113 silly packumentCache full:https://registry.npmjs.org/domutils cache-miss
114 silly fetch manifest entities@^2.0.0
115 silly packumentCache full:https://registry.npmjs.org/entities cache-miss
116 silly fetch manifest domhandler@^4.0.0
117 silly packumentCache full:https://registry.npmjs.org/domhandler cache-miss
118 silly fetch manifest domelementtype@^2.0.1
119 silly packumentCache full:https://registry.npmjs.org/domelementtype cache-miss
120 silly fetch manifest write-file-atomic@^1.1.4
121 silly packumentCache full:https://registry.npmjs.org/write-file-atomic cache-miss
122 silly fetch manifest ip-address@^9.0.5
123 silly packumentCache full:https://registry.npmjs.org/ip-address cache-miss
124 silly fetch manifest smart-buffer@^4.2.0
125 silly packumentCache full:https://registry.npmjs.org/smart-buffer cache-miss
126 silly fetch manifest node-gyp-build@^4.3.0
127 silly packumentCache full:https://registry.npmjs.org/node-gyp-build cache-miss
128 silly fetch manifest debug@^2.2.0
129 silly packumentCache full:https://registry.npmjs.org/debug cache-miss
130 silly fetch manifest es5-ext@^0.10.63
131 silly packumentCache full:https://registry.npmjs.org/es5-ext cache-miss
132 silly fetch manifest typedarray-to-buffer@^3.1.5
133 silly packumentCache full:https://registry.npmjs.org/typedarray-to-buffer cache-miss
134 http fetch GET 200 https://registry.npmjs.org/ieee754 80ms (cache miss)
135 silly packumentCache full:https://registry.npmjs.org/ieee754 set size:undefined disposed:false
136 silly fetch manifest yaeti@^0.0.6
137 silly packumentCache full:https://registry.npmjs.org/yaeti cache-miss
138 http fetch GET 200 https://registry.npmjs.org/tslib 159ms (cache miss)
139 silly packumentCache full:https://registry.npmjs.org/tslib set size:undefined disposed:false
140 http fetch GET 200 https://registry.npmjs.org/typedarray-to-buffer 151ms (cache miss)
141 silly packumentCache full:https://registry.npmjs.org/typedarray-to-buffer set size:undefined disposed:false
142 http fetch GET 200 https://registry.npmjs.org/entities 172ms (cache miss)
143 silly packumentCache full:https://registry.npmjs.org/entities set size:undefined disposed:false
144 http fetch GET 200 https://registry.npmjs.org/smart-buffer 167ms (cache miss)
145 silly packumentCache full:https://registry.npmjs.org/smart-buffer set size:undefined disposed:false
146 http fetch GET 200 https://registry.npmjs.org/es5-ext 166ms (cache miss)
147 silly packumentCache full:https://registry.npmjs.org/es5-ext set size:undefined disposed:false
148 http fetch GET 200 https://registry.npmjs.org/domhandler 181ms (cache miss)
149 silly packumentCache full:https://registry.npmjs.org/domhandler set size:undefined disposed:false
150 http fetch GET 200 https://registry.npmjs.org/domutils 187ms (cache miss)
151 silly packumentCache full:https://registry.npmjs.org/domutils set size:undefined disposed:false
152 http fetch GET 200 https://registry.npmjs.org/domelementtype 185ms (cache miss)
153 silly packumentCache full:https://registry.npmjs.org/domelementtype set size:undefined disposed:false
154 http fetch GET 200 https://registry.npmjs.org/base64-js 192ms (cache miss)
155 silly packumentCache full:https://registry.npmjs.org/base64-js set size:undefined disposed:false
156 http fetch GET 200 https://registry.npmjs.org/debug 179ms (cache miss)
157 silly packumentCache full:https://registry.npmjs.org/debug set size:undefined disposed:false
158 http fetch GET 200 https://registry.npmjs.org/write-file-atomic 190ms (cache miss)
159 silly packumentCache full:https://registry.npmjs.org/write-file-atomic set size:undefined disposed:false
160 http fetch GET 200 https://registry.npmjs.org/node-gyp-build 186ms (cache miss)
161 silly packumentCache full:https://registry.npmjs.org/node-gyp-build set size:undefined disposed:false
162 http fetch GET 200 https://registry.npmjs.org/ip-address 194ms (cache miss)
163 silly packumentCache full:https://registry.npmjs.org/ip-address set size:undefined disposed:false
164 http fetch GET 200 https://registry.npmjs.org/node-gyp-build 204ms (cache miss)
165 silly packumentCache full:https://registry.npmjs.org/node-gyp-build set size:undefined disposed:false
166 http fetch GET 200 https://registry.npmjs.org/yaeti 811ms (cache miss)
167 silly packumentCache full:https://registry.npmjs.org/yaeti set size:undefined disposed:false
168 silly placeDep ROOT tslib@2.8.1 OK for: async-mutex@0.3.2 want: ^2.3.1
169 silly placeDep ROOT base64-js@1.5.1 OK for: buffer@6.0.3 want: ^1.3.1
170 silly placeDep ROOT ieee754@1.2.1 OK for: buffer@6.0.3 want: ^1.2.1
171 silly placeDep ROOT node-gyp-build@4.8.4 OK for: bufferutil@4.0.9 want: ^4.3.0
172 silly placeDep ROOT domelementtype@2.3.0 OK for: htmlparser2@6.1.0 want: ^2.0.1
173 silly placeDep ROOT domhandler@4.3.1 OK for: htmlparser2@6.1.0 want: ^4.0.0
174 silly placeDep ROOT domutils@2.8.0 OK for: htmlparser2@6.1.0 want: ^2.5.2
175 silly placeDep ROOT entities@2.2.0 OK for: htmlparser2@6.1.0 want: ^2.0.0
176 silly fetch manifest dom-serializer@^1.0.1
177 silly packumentCache full:https://registry.npmjs.org/dom-serializer cache-miss
178 http fetch GET 200 https://registry.npmjs.org/dom-serializer 65ms (cache miss)
179 silly packumentCache full:https://registry.npmjs.org/dom-serializer set size:undefined disposed:false
180 silly placeDep ROOT dom-serializer@1.4.1 OK for: domutils@2.8.0 want: ^1.0.1
181 silly placeDep ROOT write-file-atomic@1.3.4 OK for: node-localstorage@2.2.1 want: ^1.1.4
182 silly fetch manifest slide@^1.1.5
183 silly packumentCache full:https://registry.npmjs.org/slide cache-miss
184 silly fetch manifest graceful-fs@^4.1.11
185 silly packumentCache full:https://registry.npmjs.org/graceful-fs cache-miss
186 silly fetch manifest imurmurhash@^0.1.4
187 silly packumentCache full:https://registry.npmjs.org/imurmurhash cache-miss
188 http fetch GET 200 https://registry.npmjs.org/imurmurhash 81ms (cache miss)
189 silly packumentCache full:https://registry.npmjs.org/imurmurhash set size:undefined disposed:false
190 http fetch GET 200 https://registry.npmjs.org/graceful-fs 86ms (cache miss)
191 silly packumentCache full:https://registry.npmjs.org/graceful-fs set size:undefined disposed:false
192 http fetch GET 200 https://registry.npmjs.org/slide 99ms (cache miss)
193 silly packumentCache full:https://registry.npmjs.org/slide set size:undefined disposed:false
194 silly placeDep ROOT ip-address@9.0.5 OK for: socks@2.8.5 want: ^9.0.5
195 silly placeDep ROOT smart-buffer@4.2.0 OK for: socks@2.8.5 want: ^4.2.0
196 silly fetch manifest jsbn@1.1.0
197 silly packumentCache full:https://registry.npmjs.org/jsbn cache-miss
198 silly fetch manifest sprintf-js@^1.1.3
199 silly packumentCache full:https://registry.npmjs.org/sprintf-js cache-miss
200 http fetch GET 200 https://registry.npmjs.org/sprintf-js 65ms (cache miss)
201 silly packumentCache full:https://registry.npmjs.org/sprintf-js set size:undefined disposed:false
202 http fetch GET 200 https://registry.npmjs.org/jsbn 73ms (cache miss)
203 silly packumentCache full:https://registry.npmjs.org/jsbn set size:undefined disposed:false
204 silly placeDep ROOT jsbn@1.1.0 OK for: ip-address@9.0.5 want: 1.1.0
205 silly placeDep ROOT sprintf-js@1.1.3 OK for: ip-address@9.0.5 want: ^1.1.3
206 silly placeDep ROOT debug@2.6.9 OK for: websocket@1.0.35 want: ^2.2.0
207 silly placeDep ROOT es5-ext@0.10.64 OK for: websocket@1.0.35 want: ^0.10.63
208 silly placeDep ROOT typedarray-to-buffer@3.1.5 OK for: websocket@1.0.35 want: ^3.1.5
209 silly placeDep ROOT yaeti@0.0.6 OK for: websocket@1.0.35 want: ^0.0.6
210 silly fetch manifest ms@2.0.0
211 silly packumentCache full:https://registry.npmjs.org/ms cache-miss
212 silly fetch manifest es6-iterator@^2.0.3
213 silly packumentCache full:https://registry.npmjs.org/es6-iterator cache-miss
214 silly fetch manifest es6-symbol@^3.1.3
215 silly packumentCache full:https://registry.npmjs.org/es6-symbol cache-miss
216 silly fetch manifest esniff@^2.0.1
217 silly packumentCache full:https://registry.npmjs.org/esniff cache-miss
218 silly fetch manifest next-tick@^1.1.0
219 silly packumentCache full:https://registry.npmjs.org/next-tick cache-miss
220 silly fetch manifest is-typedarray@^1.0.0
221 silly packumentCache full:https://registry.npmjs.org/is-typedarray cache-miss
222 http fetch GET 200 https://registry.npmjs.org/is-typedarray 74ms (cache miss)
223 silly packumentCache full:https://registry.npmjs.org/is-typedarray set size:undefined disposed:false
224 http fetch GET 200 https://registry.npmjs.org/es6-iterator 80ms (cache miss)
225 silly packumentCache full:https://registry.npmjs.org/es6-iterator set size:undefined disposed:false
226 http fetch GET 200 https://registry.npmjs.org/ms 83ms (cache miss)
227 silly packumentCache full:https://registry.npmjs.org/ms set size:undefined disposed:false
228 http fetch GET 200 https://registry.npmjs.org/esniff 83ms (cache miss)
229 silly packumentCache full:https://registry.npmjs.org/esniff set size:undefined disposed:false
230 http fetch GET 200 https://registry.npmjs.org/next-tick 109ms (cache miss)
231 silly packumentCache full:https://registry.npmjs.org/next-tick set size:undefined disposed:false
232 http fetch GET 200 https://registry.npmjs.org/es6-symbol 113ms (cache miss)
233 silly packumentCache full:https://registry.npmjs.org/es6-symbol set size:undefined disposed:false
234 silly placeDep ROOT ms@2.0.0 OK for: debug@2.6.9 want: 2.0.0
235 silly placeDep ROOT es6-iterator@2.0.3 OK for: es5-ext@0.10.64 want: ^2.0.3
236 silly placeDep ROOT es6-symbol@3.1.4 OK for: es5-ext@0.10.64 want: ^3.1.3
237 silly placeDep ROOT esniff@2.0.1 OK for: es5-ext@0.10.64 want: ^2.0.1
238 silly placeDep ROOT next-tick@1.1.0 OK for: es5-ext@0.10.64 want: ^1.1.0
239 silly fetch manifest d@1
240 silly packumentCache full:https://registry.npmjs.org/d cache-miss
241 silly fetch manifest es6-symbol@^3.1.1
242 silly packumentCache full:https://registry.npmjs.org/es6-symbol cache-miss
243 silly fetch manifest d@^1.0.2
244 silly packumentCache full:https://registry.npmjs.org/d cache-miss
245 silly fetch manifest ext@^1.7.0
246 silly packumentCache full:https://registry.npmjs.org/ext cache-miss
247 silly fetch manifest d@^1.0.1
248 silly packumentCache full:https://registry.npmjs.org/d cache-miss
249 silly fetch manifest event-emitter@^0.3.5
250 silly packumentCache full:https://registry.npmjs.org/event-emitter cache-miss
251 silly fetch manifest type@^2.7.2
252 silly packumentCache full:https://registry.npmjs.org/type cache-miss
253 http fetch GET 200 https://registry.npmjs.org/es6-symbol 20ms (cache hit)
254 silly packumentCache full:https://registry.npmjs.org/es6-symbol set size:32033 disposed:false
255 http fetch GET 200 https://registry.npmjs.org/d 75ms (cache miss)
256 silly packumentCache full:https://registry.npmjs.org/d set size:undefined disposed:false
257 http fetch GET 200 https://registry.npmjs.org/ext 76ms (cache miss)
258 silly packumentCache full:https://registry.npmjs.org/ext set size:undefined disposed:false
259 http fetch GET 200 https://registry.npmjs.org/event-emitter 86ms (cache miss)
260 silly packumentCache full:https://registry.npmjs.org/event-emitter set size:undefined disposed:false
261 http fetch GET 200 https://registry.npmjs.org/type 89ms (cache miss)
262 silly packumentCache full:https://registry.npmjs.org/type set size:undefined disposed:false
263 http fetch GET 200 https://registry.npmjs.org/d 112ms (cache miss)
264 silly packumentCache full:https://registry.npmjs.org/d set size:undefined disposed:false
265 http fetch GET 200 https://registry.npmjs.org/d 115ms (cache miss)
266 silly packumentCache full:https://registry.npmjs.org/d set size:undefined disposed:false
267 silly placeDep ROOT d@1.0.2 OK for: es6-iterator@2.0.3 want: 1
268 silly placeDep ROOT type@2.7.3 OK for: d@1.0.2 want: ^2.7.2
269 silly placeDep ROOT ext@1.7.0 OK for: es6-symbol@3.1.4 want: ^1.7.0
270 silly placeDep ROOT event-emitter@0.3.5 OK for: esniff@2.0.1 want: ^0.3.5
271 silly placeDep ROOT is-typedarray@1.0.0 OK for: typedarray-to-buffer@3.1.5 want: ^1.0.0
272 silly placeDep ROOT graceful-fs@4.2.11 OK for: write-file-atomic@1.3.4 want: ^4.1.11
273 silly placeDep ROOT imurmurhash@0.1.4 OK for: write-file-atomic@1.3.4 want: ^0.1.4
274 silly placeDep ROOT slide@1.1.6 OK for: write-file-atomic@1.3.4 want: ^1.1.5
275 silly reify moves {}
276 silly tarball no local data for imurmurhash@https://registry.npmjs.org/imurmurhash/-/imurmurhash-0.1.4.tgz. Extracting by manifest.
277 silly tarball no local data for slide@https://registry.npmjs.org/slide/-/slide-1.1.6.tgz. Extracting by manifest.
278 silly tarball no local data for ext@https://registry.npmjs.org/ext/-/ext-1.7.0.tgz. Extracting by manifest.
279 silly tarball no local data for event-emitter@https://registry.npmjs.org/event-emitter/-/event-emitter-0.3.5.tgz. Extracting by manifest.
280 silly tarball no local data for graceful-fs@https://registry.npmjs.org/graceful-fs/-/graceful-fs-4.2.11.tgz. Extracting by manifest.
281 silly tarball no local data for is-typedarray@https://registry.npmjs.org/is-typedarray/-/is-typedarray-1.0.0.tgz. Extracting by manifest.
282 silly tarball no local data for type@https://registry.npmjs.org/type/-/type-2.7.3.tgz. Extracting by manifest.
283 silly tarball no local data for d@https://registry.npmjs.org/d/-/d-1.0.2.tgz. Extracting by manifest.
284 silly tarball no local data for next-tick@https://registry.npmjs.org/next-tick/-/next-tick-1.1.0.tgz. Extracting by manifest.
285 silly tarball no local data for es6-iterator@https://registry.npmjs.org/es6-iterator/-/es6-iterator-2.0.3.tgz. Extracting by manifest.
286 silly tarball no local data for esniff@https://registry.npmjs.org/esniff/-/esniff-2.0.1.tgz. Extracting by manifest.
287 silly tarball no local data for es6-symbol@https://registry.npmjs.org/es6-symbol/-/es6-symbol-3.1.4.tgz. Extracting by manifest.
288 silly tarball no local data for ms@https://registry.npmjs.org/ms/-/ms-2.0.0.tgz. Extracting by manifest.
289 silly tarball no local data for yaeti@https://registry.npmjs.org/yaeti/-/yaeti-0.0.6.tgz. Extracting by manifest.
290 silly tarball no local data for typedarray-to-buffer@https://registry.npmjs.org/typedarray-to-buffer/-/typedarray-to-buffer-3.1.5.tgz. Extracting by manifest.
291 silly tarball no local data for es5-ext@https://registry.npmjs.org/es5-ext/-/es5-ext-0.10.64.tgz. Extracting by manifest.
292 silly tarball no local data for debug@https://registry.npmjs.org/debug/-/debug-2.6.9.tgz. Extracting by manifest.
293 silly tarball no local data for sprintf-js@https://registry.npmjs.org/sprintf-js/-/sprintf-js-1.1.3.tgz. Extracting by manifest.
294 silly tarball no local data for jsbn@https://registry.npmjs.org/jsbn/-/jsbn-1.1.0.tgz. Extracting by manifest.
295 silly tarball no local data for smart-buffer@https://registry.npmjs.org/smart-buffer/-/smart-buffer-4.2.0.tgz. Extracting by manifest.
296 silly tarball no local data for write-file-atomic@https://registry.npmjs.org/write-file-atomic/-/write-file-atomic-1.3.4.tgz. Extracting by manifest.
297 silly tarball no local data for ip-address@https://registry.npmjs.org/ip-address/-/ip-address-9.0.5.tgz. Extracting by manifest.
298 silly tarball no local data for dom-serializer@https://registry.npmjs.org/dom-serializer/-/dom-serializer-1.4.1.tgz. Extracting by manifest.
299 silly tarball no local data for entities@https://registry.npmjs.org/entities/-/entities-2.2.0.tgz. Extracting by manifest.
300 silly tarball no local data for domutils@https://registry.npmjs.org/domutils/-/domutils-2.8.0.tgz. Extracting by manifest.
301 silly tarball no local data for domelementtype@https://registry.npmjs.org/domelementtype/-/domelementtype-2.3.0.tgz. Extracting by manifest.
302 silly tarball no local data for domhandler@https://registry.npmjs.org/domhandler/-/domhandler-4.3.1.tgz. Extracting by manifest.
303 silly tarball no local data for node-gyp-build@https://registry.npmjs.org/node-gyp-build/-/node-gyp-build-4.8.4.tgz. Extracting by manifest.
304 silly tarball no local data for base64-js@https://registry.npmjs.org/base64-js/-/base64-js-1.5.1.tgz. Extracting by manifest.
305 silly tarball no local data for tslib@https://registry.npmjs.org/tslib/-/tslib-2.8.1.tgz. Extracting by manifest.
306 silly tarball no local data for ieee754@https://registry.npmjs.org/ieee754/-/ieee754-1.2.1.tgz. Extracting by manifest.
307 silly tarball no local data for websocket@https://registry.npmjs.org/websocket/-/websocket-1.0.35.tgz. Extracting by manifest.
308 silly tarball no local data for utf-8-validate@https://registry.npmjs.org/utf-8-validate/-/utf-8-validate-5.0.10.tgz. Extracting by manifest.
309 silly tarball no local data for ts-custom-error@https://registry.npmjs.org/ts-custom-error/-/ts-custom-error-3.3.1.tgz. Extracting by manifest.
310 silly tarball no local data for store2@https://registry.npmjs.org/store2/-/store2-2.14.4.tgz. Extracting by manifest.
311 silly tarball no local data for real-cancellable-promise@https://registry.npmjs.org/real-cancellable-promise/-/real-cancellable-promise-1.2.2.tgz. Extracting by manifest.
312 silly tarball no local data for socks@https://registry.npmjs.org/socks/-/socks-2.8.5.tgz. Extracting by manifest.
313 silly tarball no local data for pako@https://registry.npmjs.org/pako/-/pako-2.1.0.tgz. Extracting by manifest.
314 silly tarball no local data for path-browserify@https://registry.npmjs.org/path-browserify/-/path-browserify-1.0.1.tgz. Extracting by manifest.
315 silly tarball no local data for mime@https://registry.npmjs.org/mime/-/mime-3.0.0.tgz. Extracting by manifest.
316 silly tarball no local data for node-localstorage@https://registry.npmjs.org/node-localstorage/-/node-localstorage-2.2.1.tgz. Extracting by manifest.
317 silly tarball no local data for htmlparser2@https://registry.npmjs.org/htmlparser2/-/htmlparser2-6.1.0.tgz. Extracting by manifest.
318 silly tarball no local data for bufferutil@https://registry.npmjs.org/bufferutil/-/bufferutil-4.0.9.tgz. Extracting by manifest.
319 silly tarball no local data for buffer@https://registry.npmjs.org/buffer/-/buffer-6.0.3.tgz. Extracting by manifest.
320 silly tarball no local data for async-mutex@https://registry.npmjs.org/async-mutex/-/async-mutex-0.3.2.tgz. Extracting by manifest.
321 silly tarball no local data for big-integer@https://registry.npmjs.org/big-integer/-/big-integer-1.6.52.tgz. Extracting by manifest.
322 silly tarball no local data for telegram@https://registry.npmjs.org/telegram/-/telegram-2.26.22.tgz. Extracting by manifest.
323 silly tarball no local data for @cryptography/aes@https://registry.npmjs.org/@cryptography/aes/-/aes-0.1.1.tgz. Extracting by manifest.
324 silly tarball no local data for node-red-node-telegrambot@https://registry.npmjs.org/node-red-node-telegrambot/-/node-red-node-telegrambot-0.1.6.tgz. Extracting by manifest.
325 http fetch GET 200 https://registry.npmjs.org/slide/-/slide-1.1.6.tgz 194ms (cache miss)
326 http fetch GET 200 https://registry.npmjs.org/graceful-fs/-/graceful-fs-4.2.11.tgz 206ms (cache miss)
327 http fetch GET 200 https://registry.npmjs.org/is-typedarray/-/is-typedarray-1.0.0.tgz 212ms (cache miss)
328 http fetch GET 200 https://registry.npmjs.org/ms/-/ms-2.0.0.tgz 211ms (cache miss)
329 http fetch GET 200 https://registry.npmjs.org/d/-/d-1.0.2.tgz 219ms (cache miss)
330 http fetch GET 200 https://registry.npmjs.org/imurmurhash/-/imurmurhash-0.1.4.tgz 227ms (cache miss)
331 http fetch GET 200 https://registry.npmjs.org/typedarray-to-buffer/-/typedarray-to-buffer-3.1.5.tgz 219ms (cache miss)
332 http fetch GET 200 https://registry.npmjs.org/event-emitter/-/event-emitter-0.3.5.tgz 228ms (cache miss)
333 http fetch GET 200 https://registry.npmjs.org/yaeti/-/yaeti-0.0.6.tgz 222ms (cache miss)
334 warn deprecated yaeti@0.0.6: Package no longer supported. Contact Support at https://www.npmjs.com/support for more info.
335 http fetch GET 200 https://registry.npmjs.org/next-tick/-/next-tick-1.1.0.tgz 228ms (cache miss)
336 http fetch GET 200 https://registry.npmjs.org/sprintf-js/-/sprintf-js-1.1.3.tgz 220ms (cache miss)
337 http fetch GET 200 https://registry.npmjs.org/jsbn/-/jsbn-1.1.0.tgz 219ms (cache miss)
338 http fetch GET 200 https://registry.npmjs.org/es6-symbol/-/es6-symbol-3.1.4.tgz 232ms (cache miss)
339 http fetch GET 200 https://registry.npmjs.org/write-file-atomic/-/write-file-atomic-1.3.4.tgz 221ms (cache miss)
340 http fetch GET 200 https://registry.npmjs.org/es6-iterator/-/es6-iterator-2.0.3.tgz 237ms (cache miss)
341 http fetch GET 200 https://registry.npmjs.org/dom-serializer/-/dom-serializer-1.4.1.tgz 222ms (cache miss)
342 http fetch GET 200 https://registry.npmjs.org/base64-js/-/base64-js-1.5.1.tgz 211ms (cache miss)
343 http fetch GET 200 https://registry.npmjs.org/debug/-/debug-2.6.9.tgz 242ms (cache miss)
344 http fetch GET 200 https://registry.npmjs.org/smart-buffer/-/smart-buffer-4.2.0.tgz 239ms (cache miss)
345 http fetch GET 200 https://registry.npmjs.org/esniff/-/esniff-2.0.1.tgz 252ms (cache miss)
346 http fetch GET 200 https://registry.npmjs.org/ext/-/ext-1.7.0.tgz 266ms (cache miss)
347 http fetch GET 200 https://registry.npmjs.org/ip-address/-/ip-address-9.0.5.tgz 259ms (cache miss)
348 http fetch GET 200 https://registry.npmjs.org/node-gyp-build/-/node-gyp-build-4.8.4.tgz 279ms (cache miss)
349 http fetch GET 200 https://registry.npmjs.org/real-cancellable-promise/-/real-cancellable-promise-1.2.2.tgz 271ms (cache miss)
350 http fetch GET 200 https://registry.npmjs.org/ts-custom-error/-/ts-custom-error-3.3.1.tgz 277ms (cache miss)
351 http fetch GET 200 https://registry.npmjs.org/ieee754/-/ieee754-1.2.1.tgz 282ms (cache miss)
352 http fetch GET 200 https://registry.npmjs.org/tslib/-/tslib-2.8.1.tgz 287ms (cache miss)
353 http fetch GET 200 https://registry.npmjs.org/path-browserify/-/path-browserify-1.0.1.tgz 279ms (cache miss)
354 http fetch GET 200 https://registry.npmjs.org/type/-/type-2.7.3.tgz 339ms (cache miss)
355 http fetch GET 200 https://registry.npmjs.org/es5-ext/-/es5-ext-0.10.64.tgz 371ms (cache miss)
356 http fetch GET 200 https://registry.npmjs.org/utf-8-validate/-/utf-8-validate-5.0.10.tgz 350ms (cache miss)
357 http fetch GET 200 https://registry.npmjs.org/entities/-/entities-2.2.0.tgz 366ms (cache miss)
358 http fetch GET 200 https://registry.npmjs.org/bufferutil/-/bufferutil-4.0.9.tgz 368ms (cache miss)
359 http fetch GET 200 https://registry.npmjs.org/node-localstorage/-/node-localstorage-2.2.1.tgz 371ms (cache miss)
360 http fetch GET 200 https://registry.npmjs.org/buffer/-/buffer-6.0.3.tgz 372ms (cache miss)
361 http fetch GET 200 https://registry.npmjs.org/mime/-/mime-3.0.0.tgz 378ms (cache miss)
362 http fetch GET 200 https://registry.npmjs.org/htmlparser2/-/htmlparser2-6.1.0.tgz 379ms (cache miss)
363 http fetch GET 200 https://registry.npmjs.org/big-integer/-/big-integer-1.6.52.tgz 467ms (cache miss)
364 http fetch GET 200 https://registry.npmjs.org/pako/-/pako-2.1.0.tgz 478ms (cache miss)
365 http fetch GET 200 https://registry.npmjs.org/node-red-node-telegrambot/-/node-red-node-telegrambot-0.1.6.tgz 469ms (cache miss)
366 http fetch GET 200 https://registry.npmjs.org/async-mutex/-/async-mutex-0.3.2.tgz 474ms (cache miss)
367 http fetch GET 200 https://registry.npmjs.org/domelementtype/-/domelementtype-2.3.0.tgz 568ms (cache miss)
368 http fetch GET 200 https://registry.npmjs.org/domhandler/-/domhandler-4.3.1.tgz 570ms (cache miss)
369 http fetch GET 200 https://registry.npmjs.org/domutils/-/domutils-2.8.0.tgz 580ms (cache miss)
370 http fetch GET 200 https://registry.npmjs.org/store2/-/store2-2.14.4.tgz 585ms (cache miss)
371 http fetch GET 200 https://registry.npmjs.org/telegram/-/telegram-2.26.22.tgz 605ms (cache miss)
372 http fetch GET 200 https://registry.npmjs.org/websocket/-/websocket-1.0.35.tgz 626ms (cache miss)
373 http fetch GET 200 https://registry.npmjs.org/socks/-/socks-2.8.5.tgz 708ms (cache miss)
374 http fetch GET 200 https://registry.npmjs.org/@cryptography/aes/-/aes-0.1.1.tgz 1130ms (cache miss)
375 info run bufferutil@4.0.9 install node_modules/bufferutil node-gyp-build
376 info run utf-8-validate@5.0.10 install node_modules/utf-8-validate node-gyp-build
377 info run bufferutil@4.0.9 install { code: 0, signal: null }
378 info run utf-8-validate@5.0.10 install { code: 0, signal: null }
379 info run es5-ext@0.10.64 postinstall node_modules/es5-ext  node -e "try{require('./_postinstall')}catch(e){}" || exit 0
380 info run es5-ext@0.10.64 postinstall { code: 0, signal: null }
381 silly ADD node_modules/slide
382 silly ADD node_modules/imurmurhash
383 silly ADD node_modules/graceful-fs
384 silly ADD node_modules/is-typedarray
385 silly ADD node_modules/event-emitter
386 silly ADD node_modules/ext
387 silly ADD node_modules/type
388 silly ADD node_modules/d
389 silly ADD node_modules/next-tick
390 silly ADD node_modules/esniff
391 silly ADD node_modules/es6-symbol
392 silly ADD node_modules/es6-iterator
393 silly ADD node_modules/ms
394 silly ADD node_modules/yaeti
395 silly ADD node_modules/typedarray-to-buffer
396 silly ADD node_modules/es5-ext
397 silly ADD node_modules/debug
398 silly ADD node_modules/sprintf-js
399 silly ADD node_modules/jsbn
400 silly ADD node_modules/smart-buffer
401 silly ADD node_modules/ip-address
402 silly ADD node_modules/write-file-atomic
403 silly ADD node_modules/dom-serializer
404 silly ADD node_modules/entities
405 silly ADD node_modules/domutils
406 silly ADD node_modules/domhandler
407 silly ADD node_modules/domelementtype
408 silly ADD node_modules/node-gyp-build
409 silly ADD node_modules/ieee754
410 silly ADD node_modules/base64-js
411 silly ADD node_modules/tslib
412 silly ADD node_modules/websocket
413 silly ADD node_modules/utf-8-validate
414 silly ADD node_modules/ts-custom-error
415 silly ADD node_modules/store2
416 silly ADD node_modules/socks
417 silly ADD node_modules/real-cancellable-promise
418 silly ADD node_modules/path-browserify
419 silly ADD node_modules/pako
420 silly ADD node_modules/node-localstorage
421 silly ADD node_modules/mime
422 silly ADD node_modules/htmlparser2
423 silly ADD node_modules/bufferutil
424 silly ADD node_modules/buffer
425 silly ADD node_modules/big-integer
426 silly ADD node_modules/async-mutex
427 silly ADD node_modules/@cryptography/aes
428 silly ADD node_modules/telegram
429 silly ADD node_modules/node-red-node-telegrambot
430 verbose cwd /data
431 verbose os Linux 6.11.0-26-generic
432 verbose node v20.19.0
433 verbose npm  v10.8.2
434 verbose exit 0
435 info ok
